<?xml version="1.0" encoding="UTF-8"?>
<testng-results ignored="0" total="1" passed="1" failed="0" skipped="0">
  <reporter-output>
  </reporter-output>
  <suite started-at="2022-12-07T11:51:57 IST" name="Default suite" finished-at="2022-12-07T11:51:59 IST" duration-ms="2463">
    <groups>
    </groups>
    <test started-at="2022-12-07T11:51:57 IST" name="Default test" finished-at="2022-12-07T11:51:59 IST" duration-ms="2463">
      <class name="TestScripts.Test_Script_4">
        <test-method signature="royalenfield()[pri:0, instance:TestScripts.Test_Script_4@156b88f5]" started-at="2022-12-07T11:51:57 IST" name="royalenfield" finished-at="2022-12-07T11:51:59 IST" duration-ms="2434" status="PASS">
          <reporter-output>
          </reporter-output>
        </test-method> <!-- royalenfield -->
      </class> <!-- TestScripts.Test_Script_4 -->
    </test> <!-- Default test -->
  </suite> <!-- Default suite -->
</testng-results>
